<?xml version="1.0" encoding="UTF-8"?>
<!-- Generated by org.testng.reporters.JUnitXMLReporter -->
<testsuite ignored="0" hostname="DESKTOP-41NCCCI" failures="1" tests="2" name="Error Validations Test" time="9.555" errors="0" timestamp="2024-07-23T07:46:02 ICT">
  <testcase classname="LieuMinhHoang.tests.ErrorValidations" name="submitOrder" time="0.555">
    <skipped/>
  </testcase> <!-- submitOrder -->
  <testcase classname="LieuMinhHoang.tests.ErrorValidations" name="submitOrder" time="0.621">
    <failure type="java.lang.AssertionError" message="expected [Incorrect email or password.] but found [Incorrect email password.]">
      <![CDATA[java.lang.AssertionError: expected [Incorrect email or password.] but found [Incorrect email password.]
at LieuMinhHoang.tests.ErrorValidations.submitOrder(ErrorValidations.java:20)
at java.base/java.util.ArrayList.forEach(ArrayList.java:1596)
at java.base/java.util.concurrent.FutureTask.run(FutureTask.java:317)
at java.base/java.util.concurrent.ThreadPoolExecutor.runWorker(ThreadPoolExecutor.java:1144)
at java.base/java.util.concurrent.ThreadPoolExecutor$Worker.run(ThreadPoolExecutor.java:642)
at java.base/java.lang.Thread.run(Thread.java:1583)
... Removed 21 stack frames]]>
    </failure>
  </testcase> <!-- submitOrder -->
</testsuite> <!-- Error Validations Test -->
